----------------------------------------------------------------
Fri Feb 07 04:24:18 EST 2014:
Booting Derby version The Apache Software Foundation - Apache Derby - 10.10.1.1 - (1458268): instance a816c00e-0144-0ba9-718e-0000006e58c8 
on database directory C:\data\EclipseWS2\TestGradleSonusDep\simpleDb1 with class loader sun.misc.Launcher$AppClassLoader@8ed465 
Loaded from file:/C:/Users/achudasa/.gradle/caches/modules-2/files-2.1/org.apache.derby/derby/10.10.1.1/9f6f910f0373adc1b23c10f9b4bb151b7e7449f/derby-10.10.1.1.jar
java.vendor=Oracle Corporation
java.runtime.version=1.7.0_11-b21
user.dir=C:\data\EclipseWS2\TestGradleSonusDep
os.name=Windows 7
os.arch=x86
os.version=6.1
derby.system.home=null
Database Class Loader started - derby.database.classpath=''
----------------------------------------------------------------
Fri Feb 07 04:24:18 EST 2014:
Booting Derby version The Apache Software Foundation - Apache Derby - 10.10.1.1 - (1458268): instance 601a400f-0144-0ba9-718e-0000006e58c8 
on database directory C:\data\EclipseWS2\TestGradleSonusDep\simpleDb2 with class loader sun.misc.Launcher$AppClassLoader@8ed465 
Loaded from file:/C:/Users/achudasa/.gradle/caches/modules-2/files-2.1/org.apache.derby/derby/10.10.1.1/9f6f910f0373adc1b23c10f9b4bb151b7e7449f/derby-10.10.1.1.jar
java.vendor=Oracle Corporation
java.runtime.version=1.7.0_11-b21
user.dir=C:\data\EclipseWS2\TestGradleSonusDep
os.name=Windows 7
os.arch=x86
os.version=6.1
derby.system.home=null
Database Class Loader started - derby.database.classpath=''
